<?xml version="1.0" encoding="UTF-8"?>
<!-- Generated by org.testng.reporters.JUnitReportReporter -->
<testsuite hostname="LP-5CG04115M1" failures="0" tests="1" name="utilis.ExcelDataProvider" time="0.000" errors="0" timestamp="2023-01-16T23:13:39 IST" skipped="1">
  <testcase classname="utilis.ExcelDataProvider" name="test1" time="0.000">
    <skipped/>
  </testcase> <!-- test1 -->
  <system-out/>
</testsuite> <!-- utilis.ExcelDataProvider -->
