<?xml version="1.0" encoding="UTF-8"?>
<!-- Generated by org.testng.reporters.JUnitReportReporter -->
<testsuite hostname="LP-5CG04115M1" failures="0" tests="2" name="mytest.Amazontest" time="39.513" errors="0" timestamp="2023-01-15T18:24:01 IST" skipped="0">
  <testcase classname="mytest.Amazontest" name="Search" time="24.932"/>
  <system-out/>
  <testcase classname="mytest.Amazontest" name="verifyLogo" time="14.581"/>
  <system-out/>
</testsuite> <!-- mytest.Amazontest -->
