<?xml version="1.0" encoding="UTF-8"?>
<!-- Generated by org.testng.reporters.JUnitReportReporter -->
<testsuite hostname="LP-5CG04115M1" failures="0" tests="1" name="com.amazon.testcases.Testcase1" time="5.467" errors="0" timestamp="2023-01-13T20:26:37 IST" skipped="0">
  <testcase classname="com.amazon.testcases.Testcase1" name="Search" time="5.467"/>
  <system-out/>
</testsuite> <!-- com.amazon.testcases.Testcase1 -->
