<?xml version="1.0" encoding="UTF-8"?>
<!-- Generated by org.testng.reporters.JUnitReportReporter -->
<testsuite hostname="LP-5CG04115M1" failures="0" tests="1" name="testcases.Testcase1" time="13.654" errors="0" timestamp="2023-01-17T11:41:31 IST" skipped="0">
  <testcase classname="testcases.Testcase1" name="a" time="13.654"/>
  <system-out/>
</testsuite> <!-- testcases.Testcase1 -->
